\o Program:		@(#)$CDS: libManager version 6.1.7 - CAT35 03/11/2016 01:09 (sjfnl137) $
\o Sub version:		sub-version  IC6.1.7 - CAT35.15s009 
\o Arguments:		-unmapped -mpssession virtuoso20110 -mpshost en-ec-ph314-01.ece.cornell.edu 
\o Working Directory:	en-ec-ph314-01.ece.cornell.edu:/home/kwf37/Cadence/advanced
\o 64-bit offsets
\o Qt version: 		4.8.5
\o changeWorkingDir("/home/kwf37/Cadence/advanced") unnecessary.
\o ddSetForcedLib("") unnecessary.
\o Log file is "/home/kwf37/Cadence/advanced/libManager.log".
\o Opening libManager window.
\a nrSetWindowVisibility(cdsLibManager "show")
\o MPS service: map window
\a nrSetCurrentWindow(cdsLibManager)
\o Library Manager customization server connected.
\w Warning: ddUpdateLibList: Did not find any 'cds.lib' file.
\a nrResizeWindow(cdsLibManager list(148 20 766 701))
\a _lmgrCloseIconify("cdsLibManager" 1)
\o MPS service: shutdown
\o libManager is exiting.
\a nrSetWindowVisibility(cdsLibManager "hide")
\a exit(0)
